<?xml version="1.0" encoding="UTF-8"?>
<testsuite xmlns:xsi="http://www.w3.org/2001/XMLSchema-instance" xsi:noNamespaceSchemaLocation="https://maven.apache.org/surefire/maven-surefire-plugin/xsd/surefire-test-report.xsd" name="RadioTest" time="0.116" tests="5" errors="0" skipped="0" failures="0">
  <properties>
[...]
</properties>
  <testcase name="pressPrevChannel" classname="RadioTest" time="0.071"/>
  <testcase name="reduceVolume" classname="RadioTest" time="0.001"/>
  <testcase name="increaseVolume" classname="RadioTest" time="0.005"/>
  <testcase name="setRadioChannel" classname="RadioTest" time="0.005"/>
  <testcase name="pressNextChannel" classname="RadioTest" time="0.001"/>
</testsuite>